2021-02-25 17:47:19,240 [Worker-0: Loading available Gradle versions] INFO  o.e.b.c.i.u.g.PublishedGradleVersions - Gradle version information cache is up-to-date. Trying to read.
2021-02-25 17:48:40,338 [Worker-4: Creating project "SmokeTest"] INFO  o.e.m.c.i.l.LifecycleMappingFactory - Using org.eclipse.m2e.jdt.JarLifecycleMapping lifecycle mapping for MavenProject: SmokeTest:SmokeTest:0.0.1-SNAPSHOT @ C:\Users\LENOVO\Documents\JavaRestAssured\SmokeTest\pom.xml.
2021-02-25 17:48:40,898 [Worker-4: Creating project "SmokeTest"] INFO  o.e.m.j.i.AbstractJavaProjectConfigurator - Adding source folder /SmokeTest/src/main/java
2021-02-25 17:48:40,902 [Worker-4: Creating project "SmokeTest"] INFO  o.e.m.j.i.AbstractJavaProjectConfigurator - Adding resource folder /SmokeTest/src/main/resources
2021-02-25 17:48:40,904 [Worker-4: Creating project "SmokeTest"] INFO  o.e.m.j.i.AbstractJavaProjectConfigurator - Adding source folder /SmokeTest/src/test/java
2021-02-25 17:48:40,904 [Worker-4: Creating project "SmokeTest"] INFO  o.e.m.j.i.AbstractJavaProjectConfigurator - Adding resource folder /SmokeTest/src/test/resources
2021-02-25 17:48:43,198 [Worker-10: Building] WARN  o.e.m.c.i.embedder.EclipseLogger - Using platform encoding (Cp1252 actually) to copy filtered resources, i.e. build is platform dependent!
2021-02-25 17:48:43,209 [Worker-10: Building] INFO  o.e.m.c.i.embedder.EclipseLogger - Copying 0 resource
2021-02-25 17:48:43,212 [Worker-10: Building] WARN  o.e.m.c.i.embedder.EclipseLogger - Using platform encoding (Cp1252 actually) to copy filtered resources, i.e. build is platform dependent!
2021-02-25 17:48:43,214 [Worker-10: Building] INFO  o.e.m.c.i.embedder.EclipseLogger - Copying 0 resource
2021-02-25 17:51:50,194 [Worker-5: Building] INFO  o.e.m.c.i.l.LifecycleMappingFactory - Using org.eclipse.m2e.jdt.JarLifecycleMapping lifecycle mapping for MavenProject: SmokeTest:SmokeTest:0.0.1-SNAPSHOT @ C:\Users\LENOVO\Documents\JavaRestAssured\SmokeTest\pom.xml.
2021-02-25 17:51:51,226 [Worker-5: Building] WARN  o.e.m.c.i.embedder.EclipseLogger - Using platform encoding (Cp1252 actually) to copy filtered resources, i.e. build is platform dependent!
2021-02-25 17:51:51,230 [Worker-5: Building] INFO  o.e.m.c.i.embedder.EclipseLogger - Copying 0 resource
2021-02-25 17:51:51,234 [Worker-5: Building] WARN  o.e.m.c.i.embedder.EclipseLogger - Using platform encoding (Cp1252 actually) to copy filtered resources, i.e. build is platform dependent!
2021-02-25 17:51:51,236 [Worker-5: Building] INFO  o.e.m.c.i.embedder.EclipseLogger - Copying 0 resource
2021-02-25 17:58:03,374 [Worker-10: Building] WARN  o.e.m.c.i.embedder.EclipseLogger - Using platform encoding (Cp1252 actually) to copy filtered resources, i.e. build is platform dependent!
2021-02-25 17:58:03,376 [Worker-10: Building] INFO  o.e.m.c.i.embedder.EclipseLogger - Copying 0 resource
2021-02-25 17:58:03,378 [Worker-10: Building] WARN  o.e.m.c.i.embedder.EclipseLogger - Using platform encoding (Cp1252 actually) to copy filtered resources, i.e. build is platform dependent!
2021-02-25 17:58:03,406 [Worker-10: Building] INFO  o.e.m.c.i.embedder.EclipseLogger - Copying 0 resource
2021-02-25 17:58:04,456 [Worker-14: Building] WARN  o.e.m.c.i.embedder.EclipseLogger - Using platform encoding (Cp1252 actually) to copy filtered resources, i.e. build is platform dependent!
2021-02-25 17:58:04,458 [Worker-14: Building] INFO  o.e.m.c.i.embedder.EclipseLogger - Copying 0 resource
2021-02-25 17:58:04,460 [Worker-14: Building] WARN  o.e.m.c.i.embedder.EclipseLogger - Using platform encoding (Cp1252 actually) to copy filtered resources, i.e. build is platform dependent!
2021-02-25 17:58:04,462 [Worker-14: Building] INFO  o.e.m.c.i.embedder.EclipseLogger - Copying 0 resource
2021-02-25 18:02:26,360 [Worker-3: Launching getQoutes] WARN  o.e.m.c.i.embedder.EclipseLogger - Using platform encoding (Cp1252 actually) to copy filtered resources, i.e. build is platform dependent!
2021-02-25 18:02:26,362 [Worker-3: Launching getQoutes] INFO  o.e.m.c.i.embedder.EclipseLogger - Copying 0 resource
2021-02-25 18:02:26,365 [Worker-3: Launching getQoutes] WARN  o.e.m.c.i.embedder.EclipseLogger - Using platform encoding (Cp1252 actually) to copy filtered resources, i.e. build is platform dependent!
2021-02-25 18:02:26,375 [Worker-3: Launching getQoutes] INFO  o.e.m.c.i.embedder.EclipseLogger - Copying 0 resource
2021-02-25 18:05:20,073 [Worker-12: Launching getQoutes] WARN  o.e.m.c.i.embedder.EclipseLogger - Using platform encoding (Cp1252 actually) to copy filtered resources, i.e. build is platform dependent!
2021-02-25 18:05:20,075 [Worker-12: Launching getQoutes] INFO  o.e.m.c.i.embedder.EclipseLogger - Copying 0 resource
2021-02-25 18:05:20,101 [Worker-12: Launching getQoutes] WARN  o.e.m.c.i.embedder.EclipseLogger - Using platform encoding (Cp1252 actually) to copy filtered resources, i.e. build is platform dependent!
2021-02-25 18:05:20,103 [Worker-12: Launching getQoutes] INFO  o.e.m.c.i.embedder.EclipseLogger - Copying 0 resource
2021-02-25 18:06:49,390 [Worker-13: Launching getQoutes] INFO  o.e.m.c.i.l.LifecycleMappingFactory - Using org.eclipse.m2e.jdt.JarLifecycleMapping lifecycle mapping for MavenProject: SmokeTest:SmokeTest:0.0.1-SNAPSHOT @ C:\Users\LENOVO\Documents\JavaRestAssured\SmokeTest\pom.xml.
2021-02-25 18:06:50,135 [Worker-13: Launching getQoutes] WARN  o.e.m.c.i.embedder.EclipseLogger - Using platform encoding (Cp1252 actually) to copy filtered resources, i.e. build is platform dependent!
2021-02-25 18:06:50,139 [Worker-13: Launching getQoutes] INFO  o.e.m.c.i.embedder.EclipseLogger - Copying 0 resource
2021-02-25 18:06:50,141 [Worker-13: Launching getQoutes] WARN  o.e.m.c.i.embedder.EclipseLogger - Using platform encoding (Cp1252 actually) to copy filtered resources, i.e. build is platform dependent!
2021-02-25 18:06:50,143 [Worker-13: Launching getQoutes] INFO  o.e.m.c.i.embedder.EclipseLogger - Copying 0 resource
2021-02-25 18:06:51,035 [Worker-12: Building] WARN  o.e.m.c.i.embedder.EclipseLogger - Using platform encoding (Cp1252 actually) to copy filtered resources, i.e. build is platform dependent!
2021-02-25 18:06:51,065 [Worker-12: Building] INFO  o.e.m.c.i.embedder.EclipseLogger - Copying 0 resource
2021-02-25 18:06:51,070 [Worker-12: Building] WARN  o.e.m.c.i.embedder.EclipseLogger - Using platform encoding (Cp1252 actually) to copy filtered resources, i.e. build is platform dependent!
2021-02-25 18:06:51,075 [Worker-12: Building] INFO  o.e.m.c.i.embedder.EclipseLogger - Copying 0 resource
2021-02-25 18:07:20,865 [Worker-12: Launching getQoutes] WARN  o.e.m.c.i.embedder.EclipseLogger - Using platform encoding (Cp1252 actually) to copy filtered resources, i.e. build is platform dependent!
2021-02-25 18:07:20,868 [Worker-12: Launching getQoutes] INFO  o.e.m.c.i.embedder.EclipseLogger - Copying 0 resource
2021-02-25 18:07:20,871 [Worker-12: Launching getQoutes] WARN  o.e.m.c.i.embedder.EclipseLogger - Using platform encoding (Cp1252 actually) to copy filtered resources, i.e. build is platform dependent!
2021-02-25 18:07:20,873 [Worker-12: Launching getQoutes] INFO  o.e.m.c.i.embedder.EclipseLogger - Copying 0 resource
2021-02-25 18:13:32,293 [Worker-18: Launching getQoutes] WARN  o.e.m.c.i.embedder.EclipseLogger - Using platform encoding (Cp1252 actually) to copy filtered resources, i.e. build is platform dependent!
2021-02-25 18:13:32,295 [Worker-18: Launching getQoutes] INFO  o.e.m.c.i.embedder.EclipseLogger - Copying 0 resource
2021-02-25 18:13:32,299 [Worker-18: Launching getQoutes] WARN  o.e.m.c.i.embedder.EclipseLogger - Using platform encoding (Cp1252 actually) to copy filtered resources, i.e. build is platform dependent!
2021-02-25 18:13:32,302 [Worker-18: Launching getQoutes] INFO  o.e.m.c.i.embedder.EclipseLogger - Copying 0 resource
2021-02-25 18:15:24,549 [Worker-20: Launching getQoutes] WARN  o.e.m.c.i.embedder.EclipseLogger - Using platform encoding (Cp1252 actually) to copy filtered resources, i.e. build is platform dependent!
2021-02-25 18:15:24,551 [Worker-20: Launching getQoutes] INFO  o.e.m.c.i.embedder.EclipseLogger - Copying 0 resource
2021-02-25 18:15:24,553 [Worker-20: Launching getQoutes] WARN  o.e.m.c.i.embedder.EclipseLogger - Using platform encoding (Cp1252 actually) to copy filtered resources, i.e. build is platform dependent!
2021-02-25 18:15:24,561 [Worker-20: Launching getQoutes] INFO  o.e.m.c.i.embedder.EclipseLogger - Copying 0 resource
2021-02-25 18:16:56,489 [Worker-20: Updating Maven Project] INFO  o.e.m.c.i.p.ProjectConfigurationManager - Update started
2021-02-25 18:16:57,258 [Worker-20: Updating Maven Project] INFO  o.e.m.c.i.l.LifecycleMappingFactory - Using org.eclipse.m2e.jdt.JarLifecycleMapping lifecycle mapping for MavenProject: SmokeTest:SmokeTest:0.0.1-SNAPSHOT @ C:\Users\LENOVO\Documents\JavaRestAssured\SmokeTest\pom.xml.
2021-02-25 18:16:57,824 [Worker-20: Updating Maven Project] INFO  o.e.m.j.i.AbstractJavaProjectConfigurator - Adding source folder /SmokeTest/src/main/java
2021-02-25 18:16:57,825 [Worker-20: Updating Maven Project] INFO  o.e.m.j.i.AbstractJavaProjectConfigurator - Adding resource folder /SmokeTest/src/main/resources
2021-02-25 18:16:57,826 [Worker-20: Updating Maven Project] INFO  o.e.m.j.i.AbstractJavaProjectConfigurator - Adding source folder /SmokeTest/src/test/java
2021-02-25 18:16:57,826 [Worker-20: Updating Maven Project] INFO  o.e.m.j.i.AbstractJavaProjectConfigurator - Adding resource folder /SmokeTest/src/test/resources
2021-02-25 18:16:58,015 [Worker-20: Updating Maven Project] INFO  o.e.m.c.i.p.ProjectConfigurationManager - Update completed: 1 sec
2021-02-25 18:16:58,550 [Worker-22: Building] WARN  o.e.m.c.i.embedder.EclipseLogger - Using platform encoding (Cp1252 actually) to copy filtered resources, i.e. build is platform dependent!
2021-02-25 18:16:58,552 [Worker-22: Building] INFO  o.e.m.c.i.embedder.EclipseLogger - Copying 0 resource
2021-02-25 18:16:58,554 [Worker-22: Building] WARN  o.e.m.c.i.embedder.EclipseLogger - Using platform encoding (Cp1252 actually) to copy filtered resources, i.e. build is platform dependent!
2021-02-25 18:16:58,555 [Worker-22: Building] INFO  o.e.m.c.i.embedder.EclipseLogger - Copying 0 resource
2021-02-25 18:20:27,533 [Worker-18: Updating Maven Project] INFO  o.e.m.c.i.p.ProjectConfigurationManager - Update started
2021-02-25 18:20:28,316 [Worker-18: Updating Maven Project] INFO  o.e.m.c.i.l.LifecycleMappingFactory - Using org.eclipse.m2e.jdt.JarLifecycleMapping lifecycle mapping for MavenProject: SmokeTest:SmokeTest:0.0.1-SNAPSHOT @ C:\Users\LENOVO\Documents\JavaRestAssured\SmokeTest\pom.xml.
2021-02-25 18:20:28,845 [Worker-18: Updating Maven Project] INFO  o.e.m.j.i.AbstractJavaProjectConfigurator - Adding source folder /SmokeTest/src/main/java
2021-02-25 18:20:28,846 [Worker-18: Updating Maven Project] INFO  o.e.m.j.i.AbstractJavaProjectConfigurator - Adding resource folder /SmokeTest/src/main/resources
2021-02-25 18:20:28,848 [Worker-18: Updating Maven Project] INFO  o.e.m.j.i.AbstractJavaProjectConfigurator - Adding source folder /SmokeTest/src/test/java
2021-02-25 18:20:28,848 [Worker-18: Updating Maven Project] INFO  o.e.m.j.i.AbstractJavaProjectConfigurator - Adding resource folder /SmokeTest/src/test/resources
2021-02-25 18:20:28,999 [Worker-18: Updating Maven Project] INFO  o.e.m.c.i.p.ProjectConfigurationManager - Update completed: 1 sec
2021-02-25 18:20:29,509 [Worker-23: Building] WARN  o.e.m.c.i.embedder.EclipseLogger - Using platform encoding (Cp1252 actually) to copy filtered resources, i.e. build is platform dependent!
2021-02-25 18:20:29,511 [Worker-23: Building] INFO  o.e.m.c.i.embedder.EclipseLogger - Copying 0 resource
2021-02-25 18:20:29,513 [Worker-23: Building] WARN  o.e.m.c.i.embedder.EclipseLogger - Using platform encoding (Cp1252 actually) to copy filtered resources, i.e. build is platform dependent!
2021-02-25 18:20:29,514 [Worker-23: Building] INFO  o.e.m.c.i.embedder.EclipseLogger - Copying 0 resource
2021-02-25 18:27:20,835 [Worker-19: Launching getQoutes] WARN  o.e.m.c.i.embedder.EclipseLogger - Using platform encoding (Cp1252 actually) to copy filtered resources, i.e. build is platform dependent!
2021-02-25 18:27:20,839 [Worker-19: Launching getQoutes] INFO  o.e.m.c.i.embedder.EclipseLogger - Copying 0 resource
2021-02-25 18:27:20,841 [Worker-19: Launching getQoutes] WARN  o.e.m.c.i.embedder.EclipseLogger - Using platform encoding (Cp1252 actually) to copy filtered resources, i.e. build is platform dependent!
2021-02-25 18:27:20,844 [Worker-19: Launching getQoutes] INFO  o.e.m.c.i.embedder.EclipseLogger - Copying 0 resource
2021-02-25 18:28:04,201 [Worker-25: Launching getQoutes] WARN  o.e.m.c.i.embedder.EclipseLogger - Using platform encoding (Cp1252 actually) to copy filtered resources, i.e. build is platform dependent!
2021-02-25 18:28:04,202 [Worker-25: Launching getQoutes] INFO  o.e.m.c.i.embedder.EclipseLogger - Copying 0 resource
2021-02-25 18:28:04,204 [Worker-25: Launching getQoutes] WARN  o.e.m.c.i.embedder.EclipseLogger - Using platform encoding (Cp1252 actually) to copy filtered resources, i.e. build is platform dependent!
2021-02-25 18:28:04,207 [Worker-25: Launching getQoutes] INFO  o.e.m.c.i.embedder.EclipseLogger - Copying 0 resource
2021-02-25 18:28:54,815 [Worker-28: Launching getQoutes] WARN  o.e.m.c.i.embedder.EclipseLogger - Using platform encoding (Cp1252 actually) to copy filtered resources, i.e. build is platform dependent!
2021-02-25 18:28:54,817 [Worker-28: Launching getQoutes] INFO  o.e.m.c.i.embedder.EclipseLogger - Copying 0 resource
2021-02-25 18:28:54,819 [Worker-28: Launching getQoutes] WARN  o.e.m.c.i.embedder.EclipseLogger - Using platform encoding (Cp1252 actually) to copy filtered resources, i.e. build is platform dependent!
2021-02-25 18:28:54,822 [Worker-28: Launching getQoutes] INFO  o.e.m.c.i.embedder.EclipseLogger - Copying 0 resource
2021-02-25 18:29:21,983 [Worker-28: Launching getQoutes] WARN  o.e.m.c.i.embedder.EclipseLogger - Using platform encoding (Cp1252 actually) to copy filtered resources, i.e. build is platform dependent!
2021-02-25 18:29:21,985 [Worker-28: Launching getQoutes] INFO  o.e.m.c.i.embedder.EclipseLogger - Copying 0 resource
2021-02-25 18:29:21,991 [Worker-28: Launching getQoutes] WARN  o.e.m.c.i.embedder.EclipseLogger - Using platform encoding (Cp1252 actually) to copy filtered resources, i.e. build is platform dependent!
2021-02-25 18:29:21,993 [Worker-28: Launching getQoutes] INFO  o.e.m.c.i.embedder.EclipseLogger - Copying 0 resource
2021-02-25 18:30:38,648 [Worker-29: Launching getQoutes] WARN  o.e.m.c.i.embedder.EclipseLogger - Using platform encoding (Cp1252 actually) to copy filtered resources, i.e. build is platform dependent!
2021-02-25 18:30:38,649 [Worker-29: Launching getQoutes] INFO  o.e.m.c.i.embedder.EclipseLogger - Copying 0 resource
2021-02-25 18:30:38,651 [Worker-29: Launching getQoutes] WARN  o.e.m.c.i.embedder.EclipseLogger - Using platform encoding (Cp1252 actually) to copy filtered resources, i.e. build is platform dependent!
2021-02-25 18:30:38,654 [Worker-29: Launching getQoutes] INFO  o.e.m.c.i.embedder.EclipseLogger - Copying 0 resource
2021-02-25 18:31:12,838 [Worker-26: Launching getQoutes] WARN  o.e.m.c.i.embedder.EclipseLogger - Using platform encoding (Cp1252 actually) to copy filtered resources, i.e. build is platform dependent!
2021-02-25 18:31:12,840 [Worker-26: Launching getQoutes] INFO  o.e.m.c.i.embedder.EclipseLogger - Copying 0 resource
2021-02-25 18:31:12,843 [Worker-26: Launching getQoutes] WARN  o.e.m.c.i.embedder.EclipseLogger - Using platform encoding (Cp1252 actually) to copy filtered resources, i.e. build is platform dependent!
2021-02-25 18:31:12,845 [Worker-26: Launching getQoutes] INFO  o.e.m.c.i.embedder.EclipseLogger - Copying 0 resource
2021-02-25 18:34:51,096 [Worker-26: Launching getQoutes] WARN  o.e.m.c.i.embedder.EclipseLogger - Using platform encoding (Cp1252 actually) to copy filtered resources, i.e. build is platform dependent!
2021-02-25 18:34:51,098 [Worker-26: Launching getQoutes] INFO  o.e.m.c.i.embedder.EclipseLogger - Copying 0 resource
2021-02-25 18:34:51,102 [Worker-26: Launching getQoutes] WARN  o.e.m.c.i.embedder.EclipseLogger - Using platform encoding (Cp1252 actually) to copy filtered resources, i.e. build is platform dependent!
2021-02-25 18:34:51,104 [Worker-26: Launching getQoutes] INFO  o.e.m.c.i.embedder.EclipseLogger - Copying 0 resource
2021-02-25 18:35:39,332 [Worker-26: Launching getQoutes] WARN  o.e.m.c.i.embedder.EclipseLogger - Using platform encoding (Cp1252 actually) to copy filtered resources, i.e. build is platform dependent!
2021-02-25 18:35:39,334 [Worker-26: Launching getQoutes] INFO  o.e.m.c.i.embedder.EclipseLogger - Copying 0 resource
2021-02-25 18:35:39,336 [Worker-26: Launching getQoutes] WARN  o.e.m.c.i.embedder.EclipseLogger - Using platform encoding (Cp1252 actually) to copy filtered resources, i.e. build is platform dependent!
2021-02-25 18:35:39,339 [Worker-26: Launching getQoutes] INFO  o.e.m.c.i.embedder.EclipseLogger - Copying 0 resource
2021-02-25 18:36:12,825 [Worker-27: Launching getQoutes] WARN  o.e.m.c.i.embedder.EclipseLogger - Using platform encoding (Cp1252 actually) to copy filtered resources, i.e. build is platform dependent!
2021-02-25 18:36:12,828 [Worker-27: Launching getQoutes] INFO  o.e.m.c.i.embedder.EclipseLogger - Copying 0 resource
2021-02-25 18:36:12,830 [Worker-27: Launching getQoutes] WARN  o.e.m.c.i.embedder.EclipseLogger - Using platform encoding (Cp1252 actually) to copy filtered resources, i.e. build is platform dependent!
2021-02-25 18:36:12,832 [Worker-27: Launching getQoutes] INFO  o.e.m.c.i.embedder.EclipseLogger - Copying 0 resource
2021-02-25 18:38:28,745 [Worker-19: Launching getQoutes] WARN  o.e.m.c.i.embedder.EclipseLogger - Using platform encoding (Cp1252 actually) to copy filtered resources, i.e. build is platform dependent!
2021-02-25 18:38:28,748 [Worker-19: Launching getQoutes] INFO  o.e.m.c.i.embedder.EclipseLogger - Copying 0 resource
2021-02-25 18:38:28,750 [Worker-19: Launching getQoutes] WARN  o.e.m.c.i.embedder.EclipseLogger - Using platform encoding (Cp1252 actually) to copy filtered resources, i.e. build is platform dependent!
2021-02-25 18:38:28,752 [Worker-19: Launching getQoutes] INFO  o.e.m.c.i.embedder.EclipseLogger - Copying 0 resource
2021-02-25 18:39:17,020 [Worker-32: Launching getQoutes] WARN  o.e.m.c.i.embedder.EclipseLogger - Using platform encoding (Cp1252 actually) to copy filtered resources, i.e. build is platform dependent!
2021-02-25 18:39:17,022 [Worker-32: Launching getQoutes] INFO  o.e.m.c.i.embedder.EclipseLogger - Copying 0 resource
2021-02-25 18:39:17,024 [Worker-32: Launching getQoutes] WARN  o.e.m.c.i.embedder.EclipseLogger - Using platform encoding (Cp1252 actually) to copy filtered resources, i.e. build is platform dependent!
2021-02-25 18:39:17,026 [Worker-32: Launching getQoutes] INFO  o.e.m.c.i.embedder.EclipseLogger - Copying 0 resource
2021-02-25 18:39:27,641 [Worker-26: Launching getQoutes] WARN  o.e.m.c.i.embedder.EclipseLogger - Using platform encoding (Cp1252 actually) to copy filtered resources, i.e. build is platform dependent!
2021-02-25 18:39:27,643 [Worker-26: Launching getQoutes] INFO  o.e.m.c.i.embedder.EclipseLogger - Copying 0 resource
2021-02-25 18:39:27,645 [Worker-26: Launching getQoutes] WARN  o.e.m.c.i.embedder.EclipseLogger - Using platform encoding (Cp1252 actually) to copy filtered resources, i.e. build is platform dependent!
2021-02-25 18:39:27,647 [Worker-26: Launching getQoutes] INFO  o.e.m.c.i.embedder.EclipseLogger - Copying 0 resource
2021-02-25 18:41:09,844 [Worker-19: Launching getQoutes] WARN  o.e.m.c.i.embedder.EclipseLogger - Using platform encoding (Cp1252 actually) to copy filtered resources, i.e. build is platform dependent!
2021-02-25 18:41:09,846 [Worker-19: Launching getQoutes] INFO  o.e.m.c.i.embedder.EclipseLogger - Copying 0 resource
2021-02-25 18:41:09,848 [Worker-19: Launching getQoutes] WARN  o.e.m.c.i.embedder.EclipseLogger - Using platform encoding (Cp1252 actually) to copy filtered resources, i.e. build is platform dependent!
2021-02-25 18:41:09,851 [Worker-19: Launching getQoutes] INFO  o.e.m.c.i.embedder.EclipseLogger - Copying 0 resource
2021-02-25 18:55:13,067 [Worker-43: Launching getQoutes] WARN  o.e.m.c.i.embedder.EclipseLogger - Using platform encoding (Cp1252 actually) to copy filtered resources, i.e. build is platform dependent!
2021-02-25 18:55:13,069 [Worker-43: Launching getQoutes] INFO  o.e.m.c.i.embedder.EclipseLogger - Copying 0 resource
2021-02-25 18:55:13,071 [Worker-43: Launching getQoutes] WARN  o.e.m.c.i.embedder.EclipseLogger - Using platform encoding (Cp1252 actually) to copy filtered resources, i.e. build is platform dependent!
2021-02-25 18:55:13,074 [Worker-43: Launching getQoutes] INFO  o.e.m.c.i.embedder.EclipseLogger - Copying 0 resource
2021-02-25 18:58:10,032 [Worker-42: Launching getQoutes] WARN  o.e.m.c.i.embedder.EclipseLogger - Using platform encoding (Cp1252 actually) to copy filtered resources, i.e. build is platform dependent!
2021-02-25 18:58:10,035 [Worker-42: Launching getQoutes] INFO  o.e.m.c.i.embedder.EclipseLogger - Copying 0 resource
2021-02-25 18:58:10,038 [Worker-42: Launching getQoutes] WARN  o.e.m.c.i.embedder.EclipseLogger - Using platform encoding (Cp1252 actually) to copy filtered resources, i.e. build is platform dependent!
2021-02-25 18:58:10,041 [Worker-42: Launching getQoutes] INFO  o.e.m.c.i.embedder.EclipseLogger - Copying 0 resource
2021-02-25 19:01:55,549 [Worker-49: Launching getQoutes] WARN  o.e.m.c.i.embedder.EclipseLogger - Using platform encoding (Cp1252 actually) to copy filtered resources, i.e. build is platform dependent!
2021-02-25 19:01:55,551 [Worker-49: Launching getQoutes] INFO  o.e.m.c.i.embedder.EclipseLogger - Copying 0 resource
2021-02-25 19:01:55,553 [Worker-49: Launching getQoutes] WARN  o.e.m.c.i.embedder.EclipseLogger - Using platform encoding (Cp1252 actually) to copy filtered resources, i.e. build is platform dependent!
2021-02-25 19:01:55,555 [Worker-49: Launching getQoutes] INFO  o.e.m.c.i.embedder.EclipseLogger - Copying 0 resource
2021-02-25 19:12:50,975 [Worker-54: Launching getQoutes] WARN  o.e.m.c.i.embedder.EclipseLogger - Using platform encoding (Cp1252 actually) to copy filtered resources, i.e. build is platform dependent!
2021-02-25 19:12:50,977 [Worker-54: Launching getQoutes] INFO  o.e.m.c.i.embedder.EclipseLogger - Copying 0 resource
2021-02-25 19:12:50,979 [Worker-54: Launching getQoutes] WARN  o.e.m.c.i.embedder.EclipseLogger - Using platform encoding (Cp1252 actually) to copy filtered resources, i.e. build is platform dependent!
2021-02-25 19:12:50,981 [Worker-54: Launching getQoutes] INFO  o.e.m.c.i.embedder.EclipseLogger - Copying 0 resource
